<?xml version="1.0" encoding="UTF-8"?>
<testsuite xmlns:xsi="http://www.w3.org/2001/XMLSchema-instance" xsi:noNamespaceSchemaLocation="https://maven.apache.org/surefire/maven-surefire-plugin/xsd/surefire-test-report.xsd" name="com.nttdata.microservice.bankcreditaccounts.controllers.CreditControllerTest" time="10.377" tests="6" errors="0" skipped="0" failures="0">
  <properties>
    <property name="java.specification.version" value="17"/>
    <property name="sun.cpu.isalist" value="amd64"/>
    <property name="sun.jnu.encoding" value="Cp1252"/>
    <property name="java.class.path" value="C:\Users\csanmont\Documents\bootcamp50\projects\microservice-credit-accounts\target\test-classes;C:\Users\csanmont\Documents\bootcamp50\projects\microservice-credit-accounts\target\classes;C:\Users\csanmont\.m2\repository\org\springframework\boot\spring-boot-starter-data-mongodb-reactive\2.6.2\spring-boot-starter-data-mongodb-reactive-2.6.2.jar;C:\Users\csanmont\.m2\repository\org\springframework\boot\spring-boot-starter\2.6.2\spring-boot-starter-2.6.2.jar;C:\Users\csanmont\.m2\repository\org\springframework\boot\spring-boot-starter-logging\2.6.2\spring-boot-starter-logging-2.6.2.jar;C:\Users\csanmont\.m2\repository\ch\qos\logback\logback-classic\1.2.9\logback-classic-1.2.9.jar;C:\Users\csanmont\.m2\repository\ch\qos\logback\logback-core\1.2.9\logback-core-1.2.9.jar;C:\Users\csanmont\.m2\repository\org\apache\logging\log4j\log4j-to-slf4j\2.17.0\log4j-to-slf4j-2.17.0.jar;C:\Users\csanmont\.m2\repository\org\apache\logging\log4j\log4j-api\2.17.0\log4j-api-2.17.0.jar;C:\Users\csanmont\.m2\repository\org\slf4j\jul-to-slf4j\1.7.32\jul-to-slf4j-1.7.32.jar;C:\Users\csanmont\.m2\repository\jakarta\annotation\jakarta.annotation-api\1.3.5\jakarta.annotation-api-1.3.5.jar;C:\Users\csanmont\.m2\repository\org\yaml\snakeyaml\1.29\snakeyaml-1.29.jar;C:\Users\csanmont\.m2\repository\io\projectreactor\reactor-core\3.4.13\reactor-core-3.4.13.jar;C:\Users\csanmont\.m2\repository\org\reactivestreams\reactive-streams\1.0.3\reactive-streams-1.0.3.jar;C:\Users\csanmont\.m2\repository\org\mongodb\mongodb-driver-reactivestreams\4.4.0\mongodb-driver-reactivestreams-4.4.0.jar;C:\Users\csanmont\.m2\repository\org\mongodb\bson\4.4.0\bson-4.4.0.jar;C:\Users\csanmont\.m2\repository\org\mongodb\mongodb-driver-core\4.4.0\mongodb-driver-core-4.4.0.jar;C:\Users\csanmont\.m2\repository\org\springframework\data\spring-data-mongodb\3.3.0\spring-data-mongodb-3.3.0.jar;C:\Users\csanmont\.m2\repository\org\springframework\spring-tx\5.3.14\spring-tx-5.3.14.jar;C:\Users\csanmont\.m2\repository\org\springframework\spring-context\5.3.14\spring-context-5.3.14.jar;C:\Users\csanmont\.m2\repository\org\springframework\spring-aop\5.3.14\spring-aop-5.3.14.jar;C:\Users\csanmont\.m2\repository\org\springframework\spring-beans\5.3.14\spring-beans-5.3.14.jar;C:\Users\csanmont\.m2\repository\org\springframework\spring-expression\5.3.14\spring-expression-5.3.14.jar;C:\Users\csanmont\.m2\repository\org\springframework\data\spring-data-commons\2.6.0\spring-data-commons-2.6.0.jar;C:\Users\csanmont\.m2\repository\org\slf4j\slf4j-api\1.7.32\slf4j-api-1.7.32.jar;C:\Users\csanmont\.m2\repository\org\springframework\boot\spring-boot-starter-webflux\2.6.2\spring-boot-starter-webflux-2.6.2.jar;C:\Users\csanmont\.m2\repository\org\springframework\boot\spring-boot-starter-json\2.6.2\spring-boot-starter-json-2.6.2.jar;C:\Users\csanmont\.m2\repository\com\fasterxml\jackson\datatype\jackson-datatype-jdk8\2.13.1\jackson-datatype-jdk8-2.13.1.jar;C:\Users\csanmont\.m2\repository\com\fasterxml\jackson\datatype\jackson-datatype-jsr310\2.13.1\jackson-datatype-jsr310-2.13.1.jar;C:\Users\csanmont\.m2\repository\com\fasterxml\jackson\module\jackson-module-parameter-names\2.13.1\jackson-module-parameter-names-2.13.1.jar;C:\Users\csanmont\.m2\repository\org\springframework\boot\spring-boot-starter-reactor-netty\2.6.2\spring-boot-starter-reactor-netty-2.6.2.jar;C:\Users\csanmont\.m2\repository\io\projectreactor\netty\reactor-netty-http\1.0.14\reactor-netty-http-1.0.14.jar;C:\Users\csanmont\.m2\repository\io\netty\netty-codec-http\4.1.72.Final\netty-codec-http-4.1.72.Final.jar;C:\Users\csanmont\.m2\repository\io\netty\netty-common\4.1.72.Final\netty-common-4.1.72.Final.jar;C:\Users\csanmont\.m2\repository\io\netty\netty-buffer\4.1.72.Final\netty-buffer-4.1.72.Final.jar;C:\Users\csanmont\.m2\repository\io\netty\netty-transport\4.1.72.Final\netty-transport-4.1.72.Final.jar;C:\Users\csanmont\.m2\repository\io\netty\netty-codec\4.1.72.Final\netty-codec-4.1.72.Final.jar;C:\Users\csanmont\.m2\repository\io\netty\netty-handler\4.1.72.Final\netty-handler-4.1.72.Final.jar;C:\Users\csanmont\.m2\repository\io\netty\netty-tcnative-classes\2.0.46.Final\netty-tcnative-classes-2.0.46.Final.jar;C:\Users\csanmont\.m2\repository\io\netty\netty-codec-http2\4.1.72.Final\netty-codec-http2-4.1.72.Final.jar;C:\Users\csanmont\.m2\repository\io\netty\netty-resolver-dns\4.1.72.Final\netty-resolver-dns-4.1.72.Final.jar;C:\Users\csanmont\.m2\repository\io\netty\netty-resolver\4.1.72.Final\netty-resolver-4.1.72.Final.jar;C:\Users\csanmont\.m2\repository\io\netty\netty-codec-dns\4.1.72.Final\netty-codec-dns-4.1.72.Final.jar;C:\Users\csanmont\.m2\repository\io\netty\netty-resolver-dns-native-macos\4.1.72.Final\netty-resolver-dns-native-macos-4.1.72.Final-osx-x86_64.jar;C:\Users\csanmont\.m2\repository\io\netty\netty-resolver-dns-classes-macos\4.1.72.Final\netty-resolver-dns-classes-macos-4.1.72.Final.jar;C:\Users\csanmont\.m2\repository\io\netty\netty-transport-native-epoll\4.1.72.Final\netty-transport-native-epoll-4.1.72.Final-linux-x86_64.jar;C:\Users\csanmont\.m2\repository\io\netty\netty-transport-native-unix-common\4.1.72.Final\netty-transport-native-unix-common-4.1.72.Final.jar;C:\Users\csanmont\.m2\repository\io\netty\netty-transport-classes-epoll\4.1.72.Final\netty-transport-classes-epoll-4.1.72.Final.jar;C:\Users\csanmont\.m2\repository\io\projectreactor\netty\reactor-netty-core\1.0.14\reactor-netty-core-1.0.14.jar;C:\Users\csanmont\.m2\repository\io\netty\netty-handler-proxy\4.1.72.Final\netty-handler-proxy-4.1.72.Final.jar;C:\Users\csanmont\.m2\repository\io\netty\netty-codec-socks\4.1.72.Final\netty-codec-socks-4.1.72.Final.jar;C:\Users\csanmont\.m2\repository\org\springframework\spring-web\5.3.14\spring-web-5.3.14.jar;C:\Users\csanmont\.m2\repository\org\springframework\spring-webflux\5.3.14\spring-webflux-5.3.14.jar;C:\Users\csanmont\.m2\repository\org\springframework\boot\spring-boot-devtools\2.6.2\spring-boot-devtools-2.6.2.jar;C:\Users\csanmont\.m2\repository\org\springframework\boot\spring-boot\2.6.2\spring-boot-2.6.2.jar;C:\Users\csanmont\.m2\repository\org\springframework\boot\spring-boot-autoconfigure\2.6.2\spring-boot-autoconfigure-2.6.2.jar;C:\Users\csanmont\.m2\repository\org\projectlombok\lombok\1.18.22\lombok-1.18.22.jar;C:\Users\csanmont\.m2\repository\org\springframework\boot\spring-boot-starter-test\2.6.2\spring-boot-starter-test-2.6.2.jar;C:\Users\csanmont\.m2\repository\org\springframework\boot\spring-boot-test\2.6.2\spring-boot-test-2.6.2.jar;C:\Users\csanmont\.m2\repository\org\springframework\boot\spring-boot-test-autoconfigure\2.6.2\spring-boot-test-autoconfigure-2.6.2.jar;C:\Users\csanmont\.m2\repository\com\jayway\jsonpath\json-path\2.6.0\json-path-2.6.0.jar;C:\Users\csanmont\.m2\repository\net\minidev\json-smart\2.4.7\json-smart-2.4.7.jar;C:\Users\csanmont\.m2\repository\net\minidev\accessors-smart\2.4.7\accessors-smart-2.4.7.jar;C:\Users\csanmont\.m2\repository\org\ow2\asm\asm\9.1\asm-9.1.jar;C:\Users\csanmont\.m2\repository\jakarta\xml\bind\jakarta.xml.bind-api\2.3.3\jakarta.xml.bind-api-2.3.3.jar;C:\Users\csanmont\.m2\repository\jakarta\activation\jakarta.activation-api\1.2.2\jakarta.activation-api-1.2.2.jar;C:\Users\csanmont\.m2\repository\org\assertj\assertj-core\3.21.0\assertj-core-3.21.0.jar;C:\Users\csanmont\.m2\repository\org\hamcrest\hamcrest\2.2\hamcrest-2.2.jar;C:\Users\csanmont\.m2\repository\org\junit\jupiter\junit-jupiter\5.8.2\junit-jupiter-5.8.2.jar;C:\Users\csanmont\.m2\repository\org\junit\jupiter\junit-jupiter-params\5.8.2\junit-jupiter-params-5.8.2.jar;C:\Users\csanmont\.m2\repository\org\mockito\mockito-core\4.0.0\mockito-core-4.0.0.jar;C:\Users\csanmont\.m2\repository\net\bytebuddy\byte-buddy\1.11.22\byte-buddy-1.11.22.jar;C:\Users\csanmont\.m2\repository\net\bytebuddy\byte-buddy-agent\1.11.22\byte-buddy-agent-1.11.22.jar;C:\Users\csanmont\.m2\repository\org\objenesis\objenesis\3.2\objenesis-3.2.jar;C:\Users\csanmont\.m2\repository\org\mockito\mockito-junit-jupiter\4.0.0\mockito-junit-jupiter-4.0.0.jar;C:\Users\csanmont\.m2\repository\org\skyscreamer\jsonassert\1.5.0\jsonassert-1.5.0.jar;C:\Users\csanmont\.m2\repository\com\vaadin\external\google\android-json\0.0.20131108.vaadin1\android-json-0.0.20131108.vaadin1.jar;C:\Users\csanmont\.m2\repository\org\springframework\spring-core\5.3.14\spring-core-5.3.14.jar;C:\Users\csanmont\.m2\repository\org\springframework\spring-jcl\5.3.14\spring-jcl-5.3.14.jar;C:\Users\csanmont\.m2\repository\org\springframework\spring-test\5.3.14\spring-test-5.3.14.jar;C:\Users\csanmont\.m2\repository\org\xmlunit\xmlunit-core\2.8.4\xmlunit-core-2.8.4.jar;C:\Users\csanmont\.m2\repository\log4j\log4j\1.2.17\log4j-1.2.17.jar;C:\Users\csanmont\.m2\repository\io\projectreactor\reactor-test\3.4.13\reactor-test-3.4.13.jar;C:\Users\csanmont\.m2\repository\org\springframework\cloud\spring-cloud-config-client\3.1.3\spring-cloud-config-client-3.1.3.jar;C:\Users\csanmont\.m2\repository\org\springframework\cloud\spring-cloud-commons\3.1.0\spring-cloud-commons-3.1.0.jar;C:\Users\csanmont\.m2\repository\org\springframework\security\spring-security-crypto\5.6.1\spring-security-crypto-5.6.1.jar;C:\Users\csanmont\.m2\repository\org\springframework\cloud\spring-cloud-context\3.1.0\spring-cloud-context-3.1.0.jar;C:\Users\csanmont\.m2\repository\com\fasterxml\jackson\core\jackson-annotations\2.13.1\jackson-annotations-2.13.1.jar;C:\Users\csanmont\.m2\repository\com\fasterxml\jackson\core\jackson-databind\2.13.1\jackson-databind-2.13.1.jar;C:\Users\csanmont\.m2\repository\com\fasterxml\jackson\core\jackson-core\2.13.1\jackson-core-2.13.1.jar;C:\Users\csanmont\.m2\repository\org\apache\httpcomponents\httpclient\4.5.13\httpclient-4.5.13.jar;C:\Users\csanmont\.m2\repository\org\apache\httpcomponents\httpcore\4.4.15\httpcore-4.4.15.jar;C:\Users\csanmont\.m2\repository\commons-codec\commons-codec\1.15\commons-codec-1.15.jar;C:\Users\csanmont\.m2\repository\org\springframework\cloud\spring-cloud-starter-bootstrap\3.0.0\spring-cloud-starter-bootstrap-3.0.0.jar;C:\Users\csanmont\.m2\repository\org\springframework\cloud\spring-cloud-starter\3.1.0\spring-cloud-starter-3.1.0.jar;C:\Users\csanmont\.m2\repository\org\springframework\security\spring-security-rsa\1.0.10.RELEASE\spring-security-rsa-1.0.10.RELEASE.jar;C:\Users\csanmont\.m2\repository\org\bouncycastle\bcpkix-jdk15on\1.68\bcpkix-jdk15on-1.68.jar;C:\Users\csanmont\.m2\repository\org\bouncycastle\bcprov-jdk15on\1.68\bcprov-jdk15on-1.68.jar;C:\Users\csanmont\.m2\repository\org\springframework\cloud\spring-cloud-starter-netflix-eureka-client\3.1.4\spring-cloud-starter-netflix-eureka-client-3.1.4.jar;C:\Users\csanmont\.m2\repository\org\springframework\cloud\spring-cloud-netflix-eureka-client\3.1.0\spring-cloud-netflix-eureka-client-3.1.0.jar;C:\Users\csanmont\.m2\repository\com\netflix\eureka\eureka-client\1.10.17\eureka-client-1.10.17.jar;C:\Users\csanmont\.m2\repository\com\netflix\netflix-commons\netflix-eventbus\0.3.0\netflix-eventbus-0.3.0.jar;C:\Users\csanmont\.m2\repository\com\netflix\netflix-commons\netflix-infix\0.3.0\netflix-infix-0.3.0.jar;C:\Users\csanmont\.m2\repository\commons-jxpath\commons-jxpath\1.3\commons-jxpath-1.3.jar;C:\Users\csanmont\.m2\repository\joda-time\joda-time\2.3\joda-time-2.3.jar;C:\Users\csanmont\.m2\repository\org\antlr\antlr-runtime\3.4\antlr-runtime-3.4.jar;C:\Users\csanmont\.m2\repository\org\antlr\stringtemplate\3.2.1\stringtemplate-3.2.1.jar;C:\Users\csanmont\.m2\repository\antlr\antlr\2.7.7\antlr-2.7.7.jar;C:\Users\csanmont\.m2\repository\com\google\code\gson\gson\2.8.9\gson-2.8.9.jar;C:\Users\csanmont\.m2\repository\org\apache\commons\commons-math\2.2\commons-math-2.2.jar;C:\Users\csanmont\.m2\repository\com\thoughtworks\xstream\xstream\1.4.18\xstream-1.4.18.jar;C:\Users\csanmont\.m2\repository\io\github\x-stream\mxparser\1.2.2\mxparser-1.2.2.jar;C:\Users\csanmont\.m2\repository\xmlpull\xmlpull\1.1.3.1\xmlpull-1.1.3.1.jar;C:\Users\csanmont\.m2\repository\javax\ws\rs\jsr311-api\1.1.1\jsr311-api-1.1.1.jar;C:\Users\csanmont\.m2\repository\com\netflix\servo\servo-core\0.12.21\servo-core-0.12.21.jar;C:\Users\csanmont\.m2\repository\com\google\guava\guava\19.0\guava-19.0.jar;C:\Users\csanmont\.m2\repository\commons-configuration\commons-configuration\1.10\commons-configuration-1.10.jar;C:\Users\csanmont\.m2\repository\commons-lang\commons-lang\2.6\commons-lang-2.6.jar;C:\Users\csanmont\.m2\repository\com\google\inject\guice\4.1.0\guice-4.1.0.jar;C:\Users\csanmont\.m2\repository\javax\inject\javax.inject\1\javax.inject-1.jar;C:\Users\csanmont\.m2\repository\org\codehaus\jettison\jettison\1.4.0\jettison-1.4.0.jar;C:\Users\csanmont\.m2\repository\com\netflix\eureka\eureka-core\1.10.17\eureka-core-1.10.17.jar;C:\Users\csanmont\.m2\repository\com\fasterxml\woodstox\woodstox-core\6.2.1\woodstox-core-6.2.1.jar;C:\Users\csanmont\.m2\repository\org\codehaus\woodstox\stax2-api\4.2.1\stax2-api-4.2.1.jar;C:\Users\csanmont\.m2\repository\org\springframework\cloud\spring-cloud-starter-loadbalancer\3.1.0\spring-cloud-starter-loadbalancer-3.1.0.jar;C:\Users\csanmont\.m2\repository\org\springframework\cloud\spring-cloud-loadbalancer\3.1.0\spring-cloud-loadbalancer-3.1.0.jar;C:\Users\csanmont\.m2\repository\io\projectreactor\addons\reactor-extra\3.4.6\reactor-extra-3.4.6.jar;C:\Users\csanmont\.m2\repository\org\springframework\boot\spring-boot-starter-cache\2.6.2\spring-boot-starter-cache-2.6.2.jar;C:\Users\csanmont\.m2\repository\org\springframework\spring-context-support\5.3.14\spring-context-support-5.3.14.jar;C:\Users\csanmont\.m2\repository\com\stoyanr\evictor\1.0.0\evictor-1.0.0.jar;C:\Users\csanmont\.m2\repository\org\springframework\cloud\spring-cloud-starter-circuitbreaker-reactor-resilience4j\2.1.0\spring-cloud-starter-circuitbreaker-reactor-resilience4j-2.1.0.jar;C:\Users\csanmont\.m2\repository\org\springframework\cloud\spring-cloud-circuitbreaker-resilience4j\2.1.0\spring-cloud-circuitbreaker-resilience4j-2.1.0.jar;C:\Users\csanmont\.m2\repository\io\github\resilience4j\resilience4j-spring-boot2\1.7.0\resilience4j-spring-boot2-1.7.0.jar;C:\Users\csanmont\.m2\repository\io\github\resilience4j\resilience4j-spring\1.7.0\resilience4j-spring-1.7.0.jar;C:\Users\csanmont\.m2\repository\io\github\resilience4j\resilience4j-annotations\1.7.0\resilience4j-annotations-1.7.0.jar;C:\Users\csanmont\.m2\repository\io\github\resilience4j\resilience4j-consumer\1.7.0\resilience4j-consumer-1.7.0.jar;C:\Users\csanmont\.m2\repository\io\github\resilience4j\resilience4j-circularbuffer\1.7.0\resilience4j-circularbuffer-1.7.0.jar;C:\Users\csanmont\.m2\repository\io\github\resilience4j\resilience4j-framework-common\1.7.0\resilience4j-framework-common-1.7.0.jar;C:\Users\csanmont\.m2\repository\io\github\resilience4j\resilience4j-ratelimiter\1.7.0\resilience4j-ratelimiter-1.7.0.jar;C:\Users\csanmont\.m2\repository\io\github\resilience4j\resilience4j-retry\1.7.0\resilience4j-retry-1.7.0.jar;C:\Users\csanmont\.m2\repository\io\github\resilience4j\resilience4j-micrometer\1.7.0\resilience4j-micrometer-1.7.0.jar;C:\Users\csanmont\.m2\repository\io\github\resilience4j\resilience4j-circuitbreaker\1.7.0\resilience4j-circuitbreaker-1.7.0.jar;C:\Users\csanmont\.m2\repository\io\vavr\vavr\0.10.2\vavr-0.10.2.jar;C:\Users\csanmont\.m2\repository\io\vavr\vavr-match\0.10.2\vavr-match-0.10.2.jar;C:\Users\csanmont\.m2\repository\io\github\resilience4j\resilience4j-core\1.7.0\resilience4j-core-1.7.0.jar;C:\Users\csanmont\.m2\repository\io\github\resilience4j\resilience4j-timelimiter\1.7.0\resilience4j-timelimiter-1.7.0.jar;C:\Users\csanmont\.m2\repository\io\github\resilience4j\resilience4j-reactor\1.7.0\resilience4j-reactor-1.7.0.jar;C:\Users\csanmont\.m2\repository\org\junit\jupiter\junit-jupiter-api\5.8.2\junit-jupiter-api-5.8.2.jar;C:\Users\csanmont\.m2\repository\org\opentest4j\opentest4j\1.2.0\opentest4j-1.2.0.jar;C:\Users\csanmont\.m2\repository\org\junit\platform\junit-platform-commons\1.8.2\junit-platform-commons-1.8.2.jar;C:\Users\csanmont\.m2\repository\org\apiguardian\apiguardian-api\1.1.2\apiguardian-api-1.1.2.jar;C:\Users\csanmont\.m2\repository\org\junit\jupiter\junit-jupiter-engine\5.8.2\junit-jupiter-engine-5.8.2.jar;C:\Users\csanmont\.m2\repository\org\junit\platform\junit-platform-engine\1.8.2\junit-platform-engine-1.8.2.jar;C:\Users\csanmont\.m2\repository\junit\junit\4.13.2\junit-4.13.2.jar;C:\Users\csanmont\.m2\repository\org\hamcrest\hamcrest-core\2.2\hamcrest-core-2.2.jar;"/>
    <property name="java.vm.vendor" value="Eclipse Adoptium"/>
    <property name="sun.arch.data.model" value="64"/>
    <property name="user.variant" value=""/>
    <property name="java.vendor.url" value="https://adoptium.net/"/>
    <property name="user.timezone" value="America/Lima"/>
    <property name="os.name" value="Windows 10"/>
    <property name="java.vm.specification.version" value="17"/>
    <property name="sun.java.launcher" value="SUN_STANDARD"/>
    <property name="user.country" value="PE"/>
    <property name="sun.boot.library.path" value="C:\sts-4.16.1.RELEASE\plugins\org.eclipse.justj.openjdk.hotspot.jre.full.win32.x86_64_17.0.4.v20221004-1257\jre\bin"/>
    <property name="sun.java.command" value="C:\Users\csanmont\AppData\Local\Temp\surefire8784761160501162008\surefirebooter6146778253907731584.jar C:\Users\csanmont\AppData\Local\Temp\surefire8784761160501162008 2024-03-21T13-21-09_613-jvmRun1 surefire17708265373702494499tmp surefire_07848174477024407274tmp"/>
    <property name="jdk.debug" value="release"/>
    <property name="surefire.test.class.path" value="C:\Users\csanmont\Documents\bootcamp50\projects\microservice-credit-accounts\target\test-classes;C:\Users\csanmont\Documents\bootcamp50\projects\microservice-credit-accounts\target\classes;C:\Users\csanmont\.m2\repository\org\springframework\boot\spring-boot-starter-data-mongodb-reactive\2.6.2\spring-boot-starter-data-mongodb-reactive-2.6.2.jar;C:\Users\csanmont\.m2\repository\org\springframework\boot\spring-boot-starter\2.6.2\spring-boot-starter-2.6.2.jar;C:\Users\csanmont\.m2\repository\org\springframework\boot\spring-boot-starter-logging\2.6.2\spring-boot-starter-logging-2.6.2.jar;C:\Users\csanmont\.m2\repository\ch\qos\logback\logback-classic\1.2.9\logback-classic-1.2.9.jar;C:\Users\csanmont\.m2\repository\ch\qos\logback\logback-core\1.2.9\logback-core-1.2.9.jar;C:\Users\csanmont\.m2\repository\org\apache\logging\log4j\log4j-to-slf4j\2.17.0\log4j-to-slf4j-2.17.0.jar;C:\Users\csanmont\.m2\repository\org\apache\logging\log4j\log4j-api\2.17.0\log4j-api-2.17.0.jar;C:\Users\csanmont\.m2\repository\org\slf4j\jul-to-slf4j\1.7.32\jul-to-slf4j-1.7.32.jar;C:\Users\csanmont\.m2\repository\jakarta\annotation\jakarta.annotation-api\1.3.5\jakarta.annotation-api-1.3.5.jar;C:\Users\csanmont\.m2\repository\org\yaml\snakeyaml\1.29\snakeyaml-1.29.jar;C:\Users\csanmont\.m2\repository\io\projectreactor\reactor-core\3.4.13\reactor-core-3.4.13.jar;C:\Users\csanmont\.m2\repository\org\reactivestreams\reactive-streams\1.0.3\reactive-streams-1.0.3.jar;C:\Users\csanmont\.m2\repository\org\mongodb\mongodb-driver-reactivestreams\4.4.0\mongodb-driver-reactivestreams-4.4.0.jar;C:\Users\csanmont\.m2\repository\org\mongodb\bson\4.4.0\bson-4.4.0.jar;C:\Users\csanmont\.m2\repository\org\mongodb\mongodb-driver-core\4.4.0\mongodb-driver-core-4.4.0.jar;C:\Users\csanmont\.m2\repository\org\springframework\data\spring-data-mongodb\3.3.0\spring-data-mongodb-3.3.0.jar;C:\Users\csanmont\.m2\repository\org\springframework\spring-tx\5.3.14\spring-tx-5.3.14.jar;C:\Users\csanmont\.m2\repository\org\springframework\spring-context\5.3.14\spring-context-5.3.14.jar;C:\Users\csanmont\.m2\repository\org\springframework\spring-aop\5.3.14\spring-aop-5.3.14.jar;C:\Users\csanmont\.m2\repository\org\springframework\spring-beans\5.3.14\spring-beans-5.3.14.jar;C:\Users\csanmont\.m2\repository\org\springframework\spring-expression\5.3.14\spring-expression-5.3.14.jar;C:\Users\csanmont\.m2\repository\org\springframework\data\spring-data-commons\2.6.0\spring-data-commons-2.6.0.jar;C:\Users\csanmont\.m2\repository\org\slf4j\slf4j-api\1.7.32\slf4j-api-1.7.32.jar;C:\Users\csanmont\.m2\repository\org\springframework\boot\spring-boot-starter-webflux\2.6.2\spring-boot-starter-webflux-2.6.2.jar;C:\Users\csanmont\.m2\repository\org\springframework\boot\spring-boot-starter-json\2.6.2\spring-boot-starter-json-2.6.2.jar;C:\Users\csanmont\.m2\repository\com\fasterxml\jackson\datatype\jackson-datatype-jdk8\2.13.1\jackson-datatype-jdk8-2.13.1.jar;C:\Users\csanmont\.m2\repository\com\fasterxml\jackson\datatype\jackson-datatype-jsr310\2.13.1\jackson-datatype-jsr310-2.13.1.jar;C:\Users\csanmont\.m2\repository\com\fasterxml\jackson\module\jackson-module-parameter-names\2.13.1\jackson-module-parameter-names-2.13.1.jar;C:\Users\csanmont\.m2\repository\org\springframework\boot\spring-boot-starter-reactor-netty\2.6.2\spring-boot-starter-reactor-netty-2.6.2.jar;C:\Users\csanmont\.m2\repository\io\projectreactor\netty\reactor-netty-http\1.0.14\reactor-netty-http-1.0.14.jar;C:\Users\csanmont\.m2\repository\io\netty\netty-codec-http\4.1.72.Final\netty-codec-http-4.1.72.Final.jar;C:\Users\csanmont\.m2\repository\io\netty\netty-common\4.1.72.Final\netty-common-4.1.72.Final.jar;C:\Users\csanmont\.m2\repository\io\netty\netty-buffer\4.1.72.Final\netty-buffer-4.1.72.Final.jar;C:\Users\csanmont\.m2\repository\io\netty\netty-transport\4.1.72.Final\netty-transport-4.1.72.Final.jar;C:\Users\csanmont\.m2\repository\io\netty\netty-codec\4.1.72.Final\netty-codec-4.1.72.Final.jar;C:\Users\csanmont\.m2\repository\io\netty\netty-handler\4.1.72.Final\netty-handler-4.1.72.Final.jar;C:\Users\csanmont\.m2\repository\io\netty\netty-tcnative-classes\2.0.46.Final\netty-tcnative-classes-2.0.46.Final.jar;C:\Users\csanmont\.m2\repository\io\netty\netty-codec-http2\4.1.72.Final\netty-codec-http2-4.1.72.Final.jar;C:\Users\csanmont\.m2\repository\io\netty\netty-resolver-dns\4.1.72.Final\netty-resolver-dns-4.1.72.Final.jar;C:\Users\csanmont\.m2\repository\io\netty\netty-resolver\4.1.72.Final\netty-resolver-4.1.72.Final.jar;C:\Users\csanmont\.m2\repository\io\netty\netty-codec-dns\4.1.72.Final\netty-codec-dns-4.1.72.Final.jar;C:\Users\csanmont\.m2\repository\io\netty\netty-resolver-dns-native-macos\4.1.72.Final\netty-resolver-dns-native-macos-4.1.72.Final-osx-x86_64.jar;C:\Users\csanmont\.m2\repository\io\netty\netty-resolver-dns-classes-macos\4.1.72.Final\netty-resolver-dns-classes-macos-4.1.72.Final.jar;C:\Users\csanmont\.m2\repository\io\netty\netty-transport-native-epoll\4.1.72.Final\netty-transport-native-epoll-4.1.72.Final-linux-x86_64.jar;C:\Users\csanmont\.m2\repository\io\netty\netty-transport-native-unix-common\4.1.72.Final\netty-transport-native-unix-common-4.1.72.Final.jar;C:\Users\csanmont\.m2\repository\io\netty\netty-transport-classes-epoll\4.1.72.Final\netty-transport-classes-epoll-4.1.72.Final.jar;C:\Users\csanmont\.m2\repository\io\projectreactor\netty\reactor-netty-core\1.0.14\reactor-netty-core-1.0.14.jar;C:\Users\csanmont\.m2\repository\io\netty\netty-handler-proxy\4.1.72.Final\netty-handler-proxy-4.1.72.Final.jar;C:\Users\csanmont\.m2\repository\io\netty\netty-codec-socks\4.1.72.Final\netty-codec-socks-4.1.72.Final.jar;C:\Users\csanmont\.m2\repository\org\springframework\spring-web\5.3.14\spring-web-5.3.14.jar;C:\Users\csanmont\.m2\repository\org\springframework\spring-webflux\5.3.14\spring-webflux-5.3.14.jar;C:\Users\csanmont\.m2\repository\org\springframework\boot\spring-boot-devtools\2.6.2\spring-boot-devtools-2.6.2.jar;C:\Users\csanmont\.m2\repository\org\springframework\boot\spring-boot\2.6.2\spring-boot-2.6.2.jar;C:\Users\csanmont\.m2\repository\org\springframework\boot\spring-boot-autoconfigure\2.6.2\spring-boot-autoconfigure-2.6.2.jar;C:\Users\csanmont\.m2\repository\org\projectlombok\lombok\1.18.22\lombok-1.18.22.jar;C:\Users\csanmont\.m2\repository\org\springframework\boot\spring-boot-starter-test\2.6.2\spring-boot-starter-test-2.6.2.jar;C:\Users\csanmont\.m2\repository\org\springframework\boot\spring-boot-test\2.6.2\spring-boot-test-2.6.2.jar;C:\Users\csanmont\.m2\repository\org\springframework\boot\spring-boot-test-autoconfigure\2.6.2\spring-boot-test-autoconfigure-2.6.2.jar;C:\Users\csanmont\.m2\repository\com\jayway\jsonpath\json-path\2.6.0\json-path-2.6.0.jar;C:\Users\csanmont\.m2\repository\net\minidev\json-smart\2.4.7\json-smart-2.4.7.jar;C:\Users\csanmont\.m2\repository\net\minidev\accessors-smart\2.4.7\accessors-smart-2.4.7.jar;C:\Users\csanmont\.m2\repository\org\ow2\asm\asm\9.1\asm-9.1.jar;C:\Users\csanmont\.m2\repository\jakarta\xml\bind\jakarta.xml.bind-api\2.3.3\jakarta.xml.bind-api-2.3.3.jar;C:\Users\csanmont\.m2\repository\jakarta\activation\jakarta.activation-api\1.2.2\jakarta.activation-api-1.2.2.jar;C:\Users\csanmont\.m2\repository\org\assertj\assertj-core\3.21.0\assertj-core-3.21.0.jar;C:\Users\csanmont\.m2\repository\org\hamcrest\hamcrest\2.2\hamcrest-2.2.jar;C:\Users\csanmont\.m2\repository\org\junit\jupiter\junit-jupiter\5.8.2\junit-jupiter-5.8.2.jar;C:\Users\csanmont\.m2\repository\org\junit\jupiter\junit-jupiter-params\5.8.2\junit-jupiter-params-5.8.2.jar;C:\Users\csanmont\.m2\repository\org\mockito\mockito-core\4.0.0\mockito-core-4.0.0.jar;C:\Users\csanmont\.m2\repository\net\bytebuddy\byte-buddy\1.11.22\byte-buddy-1.11.22.jar;C:\Users\csanmont\.m2\repository\net\bytebuddy\byte-buddy-agent\1.11.22\byte-buddy-agent-1.11.22.jar;C:\Users\csanmont\.m2\repository\org\objenesis\objenesis\3.2\objenesis-3.2.jar;C:\Users\csanmont\.m2\repository\org\mockito\mockito-junit-jupiter\4.0.0\mockito-junit-jupiter-4.0.0.jar;C:\Users\csanmont\.m2\repository\org\skyscreamer\jsonassert\1.5.0\jsonassert-1.5.0.jar;C:\Users\csanmont\.m2\repository\com\vaadin\external\google\android-json\0.0.20131108.vaadin1\android-json-0.0.20131108.vaadin1.jar;C:\Users\csanmont\.m2\repository\org\springframework\spring-core\5.3.14\spring-core-5.3.14.jar;C:\Users\csanmont\.m2\repository\org\springframework\spring-jcl\5.3.14\spring-jcl-5.3.14.jar;C:\Users\csanmont\.m2\repository\org\springframework\spring-test\5.3.14\spring-test-5.3.14.jar;C:\Users\csanmont\.m2\repository\org\xmlunit\xmlunit-core\2.8.4\xmlunit-core-2.8.4.jar;C:\Users\csanmont\.m2\repository\log4j\log4j\1.2.17\log4j-1.2.17.jar;C:\Users\csanmont\.m2\repository\io\projectreactor\reactor-test\3.4.13\reactor-test-3.4.13.jar;C:\Users\csanmont\.m2\repository\org\springframework\cloud\spring-cloud-config-client\3.1.3\spring-cloud-config-client-3.1.3.jar;C:\Users\csanmont\.m2\repository\org\springframework\cloud\spring-cloud-commons\3.1.0\spring-cloud-commons-3.1.0.jar;C:\Users\csanmont\.m2\repository\org\springframework\security\spring-security-crypto\5.6.1\spring-security-crypto-5.6.1.jar;C:\Users\csanmont\.m2\repository\org\springframework\cloud\spring-cloud-context\3.1.0\spring-cloud-context-3.1.0.jar;C:\Users\csanmont\.m2\repository\com\fasterxml\jackson\core\jackson-annotations\2.13.1\jackson-annotations-2.13.1.jar;C:\Users\csanmont\.m2\repository\com\fasterxml\jackson\core\jackson-databind\2.13.1\jackson-databind-2.13.1.jar;C:\Users\csanmont\.m2\repository\com\fasterxml\jackson\core\jackson-core\2.13.1\jackson-core-2.13.1.jar;C:\Users\csanmont\.m2\repository\org\apache\httpcomponents\httpclient\4.5.13\httpclient-4.5.13.jar;C:\Users\csanmont\.m2\repository\org\apache\httpcomponents\httpcore\4.4.15\httpcore-4.4.15.jar;C:\Users\csanmont\.m2\repository\commons-codec\commons-codec\1.15\commons-codec-1.15.jar;C:\Users\csanmont\.m2\repository\org\springframework\cloud\spring-cloud-starter-bootstrap\3.0.0\spring-cloud-starter-bootstrap-3.0.0.jar;C:\Users\csanmont\.m2\repository\org\springframework\cloud\spring-cloud-starter\3.1.0\spring-cloud-starter-3.1.0.jar;C:\Users\csanmont\.m2\repository\org\springframework\security\spring-security-rsa\1.0.10.RELEASE\spring-security-rsa-1.0.10.RELEASE.jar;C:\Users\csanmont\.m2\repository\org\bouncycastle\bcpkix-jdk15on\1.68\bcpkix-jdk15on-1.68.jar;C:\Users\csanmont\.m2\repository\org\bouncycastle\bcprov-jdk15on\1.68\bcprov-jdk15on-1.68.jar;C:\Users\csanmont\.m2\repository\org\springframework\cloud\spring-cloud-starter-netflix-eureka-client\3.1.4\spring-cloud-starter-netflix-eureka-client-3.1.4.jar;C:\Users\csanmont\.m2\repository\org\springframework\cloud\spring-cloud-netflix-eureka-client\3.1.0\spring-cloud-netflix-eureka-client-3.1.0.jar;C:\Users\csanmont\.m2\repository\com\netflix\eureka\eureka-client\1.10.17\eureka-client-1.10.17.jar;C:\Users\csanmont\.m2\repository\com\netflix\netflix-commons\netflix-eventbus\0.3.0\netflix-eventbus-0.3.0.jar;C:\Users\csanmont\.m2\repository\com\netflix\netflix-commons\netflix-infix\0.3.0\netflix-infix-0.3.0.jar;C:\Users\csanmont\.m2\repository\commons-jxpath\commons-jxpath\1.3\commons-jxpath-1.3.jar;C:\Users\csanmont\.m2\repository\joda-time\joda-time\2.3\joda-time-2.3.jar;C:\Users\csanmont\.m2\repository\org\antlr\antlr-runtime\3.4\antlr-runtime-3.4.jar;C:\Users\csanmont\.m2\repository\org\antlr\stringtemplate\3.2.1\stringtemplate-3.2.1.jar;C:\Users\csanmont\.m2\repository\antlr\antlr\2.7.7\antlr-2.7.7.jar;C:\Users\csanmont\.m2\repository\com\google\code\gson\gson\2.8.9\gson-2.8.9.jar;C:\Users\csanmont\.m2\repository\org\apache\commons\commons-math\2.2\commons-math-2.2.jar;C:\Users\csanmont\.m2\repository\com\thoughtworks\xstream\xstream\1.4.18\xstream-1.4.18.jar;C:\Users\csanmont\.m2\repository\io\github\x-stream\mxparser\1.2.2\mxparser-1.2.2.jar;C:\Users\csanmont\.m2\repository\xmlpull\xmlpull\1.1.3.1\xmlpull-1.1.3.1.jar;C:\Users\csanmont\.m2\repository\javax\ws\rs\jsr311-api\1.1.1\jsr311-api-1.1.1.jar;C:\Users\csanmont\.m2\repository\com\netflix\servo\servo-core\0.12.21\servo-core-0.12.21.jar;C:\Users\csanmont\.m2\repository\com\google\guava\guava\19.0\guava-19.0.jar;C:\Users\csanmont\.m2\repository\commons-configuration\commons-configuration\1.10\commons-configuration-1.10.jar;C:\Users\csanmont\.m2\repository\commons-lang\commons-lang\2.6\commons-lang-2.6.jar;C:\Users\csanmont\.m2\repository\com\google\inject\guice\4.1.0\guice-4.1.0.jar;C:\Users\csanmont\.m2\repository\javax\inject\javax.inject\1\javax.inject-1.jar;C:\Users\csanmont\.m2\repository\org\codehaus\jettison\jettison\1.4.0\jettison-1.4.0.jar;C:\Users\csanmont\.m2\repository\com\netflix\eureka\eureka-core\1.10.17\eureka-core-1.10.17.jar;C:\Users\csanmont\.m2\repository\com\fasterxml\woodstox\woodstox-core\6.2.1\woodstox-core-6.2.1.jar;C:\Users\csanmont\.m2\repository\org\codehaus\woodstox\stax2-api\4.2.1\stax2-api-4.2.1.jar;C:\Users\csanmont\.m2\repository\org\springframework\cloud\spring-cloud-starter-loadbalancer\3.1.0\spring-cloud-starter-loadbalancer-3.1.0.jar;C:\Users\csanmont\.m2\repository\org\springframework\cloud\spring-cloud-loadbalancer\3.1.0\spring-cloud-loadbalancer-3.1.0.jar;C:\Users\csanmont\.m2\repository\io\projectreactor\addons\reactor-extra\3.4.6\reactor-extra-3.4.6.jar;C:\Users\csanmont\.m2\repository\org\springframework\boot\spring-boot-starter-cache\2.6.2\spring-boot-starter-cache-2.6.2.jar;C:\Users\csanmont\.m2\repository\org\springframework\spring-context-support\5.3.14\spring-context-support-5.3.14.jar;C:\Users\csanmont\.m2\repository\com\stoyanr\evictor\1.0.0\evictor-1.0.0.jar;C:\Users\csanmont\.m2\repository\org\springframework\cloud\spring-cloud-starter-circuitbreaker-reactor-resilience4j\2.1.0\spring-cloud-starter-circuitbreaker-reactor-resilience4j-2.1.0.jar;C:\Users\csanmont\.m2\repository\org\springframework\cloud\spring-cloud-circuitbreaker-resilience4j\2.1.0\spring-cloud-circuitbreaker-resilience4j-2.1.0.jar;C:\Users\csanmont\.m2\repository\io\github\resilience4j\resilience4j-spring-boot2\1.7.0\resilience4j-spring-boot2-1.7.0.jar;C:\Users\csanmont\.m2\repository\io\github\resilience4j\resilience4j-spring\1.7.0\resilience4j-spring-1.7.0.jar;C:\Users\csanmont\.m2\repository\io\github\resilience4j\resilience4j-annotations\1.7.0\resilience4j-annotations-1.7.0.jar;C:\Users\csanmont\.m2\repository\io\github\resilience4j\resilience4j-consumer\1.7.0\resilience4j-consumer-1.7.0.jar;C:\Users\csanmont\.m2\repository\io\github\resilience4j\resilience4j-circularbuffer\1.7.0\resilience4j-circularbuffer-1.7.0.jar;C:\Users\csanmont\.m2\repository\io\github\resilience4j\resilience4j-framework-common\1.7.0\resilience4j-framework-common-1.7.0.jar;C:\Users\csanmont\.m2\repository\io\github\resilience4j\resilience4j-ratelimiter\1.7.0\resilience4j-ratelimiter-1.7.0.jar;C:\Users\csanmont\.m2\repository\io\github\resilience4j\resilience4j-retry\1.7.0\resilience4j-retry-1.7.0.jar;C:\Users\csanmont\.m2\repository\io\github\resilience4j\resilience4j-micrometer\1.7.0\resilience4j-micrometer-1.7.0.jar;C:\Users\csanmont\.m2\repository\io\github\resilience4j\resilience4j-circuitbreaker\1.7.0\resilience4j-circuitbreaker-1.7.0.jar;C:\Users\csanmont\.m2\repository\io\vavr\vavr\0.10.2\vavr-0.10.2.jar;C:\Users\csanmont\.m2\repository\io\vavr\vavr-match\0.10.2\vavr-match-0.10.2.jar;C:\Users\csanmont\.m2\repository\io\github\resilience4j\resilience4j-core\1.7.0\resilience4j-core-1.7.0.jar;C:\Users\csanmont\.m2\repository\io\github\resilience4j\resilience4j-timelimiter\1.7.0\resilience4j-timelimiter-1.7.0.jar;C:\Users\csanmont\.m2\repository\io\github\resilience4j\resilience4j-reactor\1.7.0\resilience4j-reactor-1.7.0.jar;C:\Users\csanmont\.m2\repository\org\junit\jupiter\junit-jupiter-api\5.8.2\junit-jupiter-api-5.8.2.jar;C:\Users\csanmont\.m2\repository\org\opentest4j\opentest4j\1.2.0\opentest4j-1.2.0.jar;C:\Users\csanmont\.m2\repository\org\junit\platform\junit-platform-commons\1.8.2\junit-platform-commons-1.8.2.jar;C:\Users\csanmont\.m2\repository\org\apiguardian\apiguardian-api\1.1.2\apiguardian-api-1.1.2.jar;C:\Users\csanmont\.m2\repository\org\junit\jupiter\junit-jupiter-engine\5.8.2\junit-jupiter-engine-5.8.2.jar;C:\Users\csanmont\.m2\repository\org\junit\platform\junit-platform-engine\1.8.2\junit-platform-engine-1.8.2.jar;C:\Users\csanmont\.m2\repository\junit\junit\4.13.2\junit-4.13.2.jar;C:\Users\csanmont\.m2\repository\org\hamcrest\hamcrest-core\2.2\hamcrest-core-2.2.jar;"/>
    <property name="sun.cpu.endian" value="little"/>
    <property name="user.home" value="C:\Users\csanmont"/>
    <property name="user.language" value="es"/>
    <property name="java.specification.vendor" value="Oracle Corporation"/>
    <property name="java.version.date" value="2022-08-12"/>
    <property name="java.home" value="C:\sts-4.16.1.RELEASE\plugins\org.eclipse.justj.openjdk.hotspot.jre.full.win32.x86_64_17.0.4.v20221004-1257\jre"/>
    <property name="file.separator" value="\"/>
    <property name="style.color" value="always"/>
    <property name="basedir" value="C:\Users\csanmont\Documents\bootcamp50\projects\microservice-credit-accounts"/>
    <property name="java.vm.compressedOopsMode" value="Zero based"/>
    <property name="line.separator" value="&#10;"/>
    <property name="java.vm.specification.vendor" value="Oracle Corporation"/>
    <property name="java.specification.name" value="Java Platform API Specification"/>
    <property name="surefire.real.class.path" value="C:\Users\csanmont\AppData\Local\Temp\surefire8784761160501162008\surefirebooter6146778253907731584.jar"/>
    <property name="user.script" value=""/>
    <property name="sun.management.compiler" value="HotSpot 64-Bit Tiered Compilers"/>
    <property name="java.runtime.version" value="17.0.4.1+1"/>
    <property name="user.name" value="csanmont"/>
    <property name="path.separator" value=";"/>
    <property name="os.version" value="10.0"/>
    <property name="java.runtime.name" value="OpenJDK Runtime Environment"/>
    <property name="file.encoding" value="Cp1252"/>
    <property name="java.vm.name" value="OpenJDK 64-Bit Server VM"/>
    <property name="java.vendor.version" value="Temurin-17.0.4.1+1"/>
    <property name="localRepository" value="C:\Users\csanmont\.m2\repository"/>
    <property name="java.vendor.url.bug" value="https://github.com/adoptium/adoptium-support/issues"/>
    <property name="java.io.tmpdir" value="C:\Users\csanmont\AppData\Local\Temp\"/>
    <property name="java.version" value="17.0.4.1"/>
    <property name="user.dir" value="C:\Users\csanmont\Documents\bootcamp50\projects\microservice-credit-accounts"/>
    <property name="os.arch" value="amd64"/>
    <property name="java.vm.specification.name" value="Java Virtual Machine Specification"/>
    <property name="sun.os.patch.level" value=""/>
    <property name="native.encoding" value="Cp1252"/>
    <property name="java.library.path" value="C:\sts-4.16.1.RELEASE\plugins\org.eclipse.justj.openjdk.hotspot.jre.full.win32.x86_64_17.0.4.v20221004-1257\jre\bin;C:\WINDOWS\Sun\Java\bin;C:\WINDOWS\system32;C:\WINDOWS;C:/sts-4.16.1.RELEASE//plugins/org.eclipse.justj.openjdk.hotspot.jre.full.win32.x86_64_21.0.2.v20240123-0840/jre/bin/server;C:/sts-4.16.1.RELEASE//plugins/org.eclipse.justj.openjdk.hotspot.jre.full.win32.x86_64_21.0.2.v20240123-0840/jre/bin;C:/sts-4.16.1.RELEASE//plugins/org.eclipse.justj.openjdk.hotspot.jre.full.win32.x86_64_17.0.4.v20221004-1257/jre/bin/server;C:/sts-4.16.1.RELEASE//plugins/org.eclipse.justj.openjdk.hotspot.jre.full.win32.x86_64_17.0.4.v20221004-1257/jre/bin;C:\Program Files\Snow Software\bin;C:\jdk-11.0.2\bin;C:\WINDOWS\system32;C:\WINDOWS;C:\WINDOWS\System32\Wbem;C:\WINDOWS\System32\WindowsPowerShell\v1.0\;C:\WINDOWS\System32\OpenSSH\;C:\Program Files\Docker\Docker\resources\bin;C:\Program Files\MongoDB\Server\6.0\bin;C:\Users\csanmont\AppData\Local\Microsoft\WindowsApps;C:\Users\csanmont\AppData\Local\Programs\Git\cmd;C:\Users\csanmont\AppData\Local\Programs\Gpg4win\..\GnuPG\bin;C:\sts-4.16.1.RELEASE;;C:\sts-4.16.1.RELEASE;;."/>
    <property name="java.vm.info" value="mixed mode"/>
    <property name="java.vendor" value="Eclipse Adoptium"/>
    <property name="java.vm.version" value="17.0.4.1+1"/>
    <property name="sun.io.unicode.encoding" value="UnicodeLittle"/>
    <property name="java.class.version" value="61.0"/>
  </properties>
  <testcase name="saveCreditCardPersonal" classname="com.nttdata.microservice.bankcreditaccounts.controllers.CreditControllerTest" time="0.028"/>
  <testcase name="checkIfHaveDebt" classname="com.nttdata.microservice.bankcreditaccounts.controllers.CreditControllerTest" time="0.004"/>
  <testcase name="saveCreditEnterprise" classname="com.nttdata.microservice.bankcreditaccounts.controllers.CreditControllerTest" time="0.003"/>
  <testcase name="saveCreditCardEnterprise" classname="com.nttdata.microservice.bankcreditaccounts.controllers.CreditControllerTest" time="0.005"/>
  <testcase name="saveCreditPersonal" classname="com.nttdata.microservice.bankcreditaccounts.controllers.CreditControllerTest" time="0.004"/>
  <testcase name="checkIfHaveCreditCard" classname="com.nttdata.microservice.bankcreditaccounts.controllers.CreditControllerTest" time="0.004"/>
</testsuite>